[debug] [2023-08-17T20:27:37.203Z] ----------------------------------------------------------------------
[debug] [2023-08-17T20:27:37.205Z] Command:       D:\NodeJS\node.exe C:\Users\flame\AppData\Roaming\npm\node_modules\firebase-tools\lib\bin\firebase.js deploy
[debug] [2023-08-17T20:27:37.206Z] CLI Version:   12.4.7
[debug] [2023-08-17T20:27:37.206Z] Platform:      win32
[debug] [2023-08-17T20:27:37.206Z] Node Version:  v18.14.2
[debug] [2023-08-17T20:27:37.207Z] Time:          Thu Aug 17 2023 15:27:37 GMT-0500 (Central Daylight Time)
[debug] [2023-08-17T20:27:37.207Z] ----------------------------------------------------------------------
[debug] 
[debug] [2023-08-17T20:27:37.221Z] >>> [apiv2][query] GET https://firebase-public.firebaseio.com/cli.json [none]
[debug] [2023-08-17T20:27:37.344Z] > command requires scopes: ["email","openid","https://www.googleapis.com/auth/cloudplatformprojects.readonly","https://www.googleapis.com/auth/firebase","https://www.googleapis.com/auth/cloud-platform"]
[debug] [2023-08-17T20:27:37.345Z] > authorizing via signed-in user (benlopez18689@gmail.com)
[debug] [2023-08-17T20:27:37.345Z] [iam] checking project apt-port-379723 for permissions ["cloudfunctions.functions.create","cloudfunctions.functions.delete","cloudfunctions.functions.get","cloudfunctions.functions.list","cloudfunctions.functions.update","cloudfunctions.operations.get","firebase.projects.get","firebasehosting.sites.update"]
[debug] [2023-08-17T20:27:37.346Z] > refreshing access token with scopes: []
[debug] [2023-08-17T20:27:37.347Z] >>> [apiv2][query] POST https://www.googleapis.com/oauth2/v3/token [none]
[debug] [2023-08-17T20:27:37.347Z] >>> [apiv2][body] POST https://www.googleapis.com/oauth2/v3/token [omitted]
[debug] [2023-08-17T20:27:37.457Z] <<< [apiv2][status] GET https://firebase-public.firebaseio.com/cli.json 200
[debug] [2023-08-17T20:27:37.457Z] <<< [apiv2][body] GET https://firebase-public.firebaseio.com/cli.json {"cloudBuildErrorAfter":1594252800000,"cloudBuildWarnAfter":1590019200000,"defaultNode10After":1594252800000,"minVersion":"3.0.5","node8DeploysDisabledAfter":1613390400000,"node8RuntimeDisabledAfter":1615809600000,"node8WarnAfter":1600128000000}
[debug] [2023-08-17T20:27:37.476Z] <<< [apiv2][status] POST https://www.googleapis.com/oauth2/v3/token 200
[debug] [2023-08-17T20:27:37.476Z] <<< [apiv2][body] POST https://www.googleapis.com/oauth2/v3/token [omitted]
[debug] [2023-08-17T20:27:37.500Z] >>> [apiv2][query] POST https://cloudresourcemanager.googleapis.com/v1/projects/apt-port-379723:testIamPermissions [none]
[debug] [2023-08-17T20:27:37.500Z] >>> [apiv2][(partial)header] POST https://cloudresourcemanager.googleapis.com/v1/projects/apt-port-379723:testIamPermissions x-goog-quota-user=projects/apt-port-379723
[debug] [2023-08-17T20:27:37.501Z] >>> [apiv2][body] POST https://cloudresourcemanager.googleapis.com/v1/projects/apt-port-379723:testIamPermissions {"permissions":["cloudfunctions.functions.create","cloudfunctions.functions.delete","cloudfunctions.functions.get","cloudfunctions.functions.list","cloudfunctions.functions.update","cloudfunctions.operations.get","firebase.projects.get","firebasehosting.sites.update"]}
[debug] [2023-08-17T20:27:37.649Z] <<< [apiv2][status] POST https://cloudresourcemanager.googleapis.com/v1/projects/apt-port-379723:testIamPermissions 200
[debug] [2023-08-17T20:27:37.649Z] <<< [apiv2][body] POST https://cloudresourcemanager.googleapis.com/v1/projects/apt-port-379723:testIamPermissions {"permissions":["cloudfunctions.functions.create","cloudfunctions.functions.delete","cloudfunctions.functions.get","cloudfunctions.functions.list","cloudfunctions.functions.update","cloudfunctions.operations.get","firebase.projects.get","firebasehosting.sites.update"]}
[debug] [2023-08-17T20:27:37.650Z] >>> [apiv2][query] POST https://iam.googleapis.com/v1/projects/apt-port-379723/serviceAccounts/apt-port-379723@appspot.gserviceaccount.com:testIamPermissions [none]
[debug] [2023-08-17T20:27:37.650Z] >>> [apiv2][body] POST https://iam.googleapis.com/v1/projects/apt-port-379723/serviceAccounts/apt-port-379723@appspot.gserviceaccount.com:testIamPermissions {"permissions":["iam.serviceAccounts.actAs"]}
[debug] [2023-08-17T20:27:37.800Z] <<< [apiv2][status] POST https://iam.googleapis.com/v1/projects/apt-port-379723/serviceAccounts/apt-port-379723@appspot.gserviceaccount.com:testIamPermissions 200
[debug] [2023-08-17T20:27:37.800Z] <<< [apiv2][body] POST https://iam.googleapis.com/v1/projects/apt-port-379723/serviceAccounts/apt-port-379723@appspot.gserviceaccount.com:testIamPermissions {"permissions":["iam.serviceAccounts.actAs"]}
[debug] [2023-08-17T20:27:37.801Z] >>> [apiv2][query] GET https://firebase.googleapis.com/v1beta1/projects/apt-port-379723 [none]
[debug] [2023-08-17T20:27:37.992Z] <<< [apiv2][status] GET https://firebase.googleapis.com/v1beta1/projects/apt-port-379723 200
[debug] [2023-08-17T20:27:37.992Z] <<< [apiv2][body] GET https://firebase.googleapis.com/v1beta1/projects/apt-port-379723 {"projectId":"apt-port-379723","projectNumber":"63137549808","displayName":"Bandera Auto Solutions Website","name":"projects/apt-port-379723","resources":{"hostingSite":"apt-port-379723","realtimeDatabaseInstance":"apt-port-379723-default-rtdb"},"state":"ACTIVE","etag":"1_449fed8a-2433-43ac-8e50-af49870f5912"}
[info] 
[info] === Deploying to 'apt-port-379723'...
[info] 
[info] i  deploying functions, hosting 
[debug] [2023-08-17T20:27:37.995Z] >>> [apiv2][query] GET https://firebase.googleapis.com/v1beta1/projects/apt-port-379723 [none]
[debug] [2023-08-17T20:27:38.112Z] <<< [apiv2][status] GET https://firebase.googleapis.com/v1beta1/projects/apt-port-379723 200
[debug] [2023-08-17T20:27:38.112Z] <<< [apiv2][body] GET https://firebase.googleapis.com/v1beta1/projects/apt-port-379723 {"projectId":"apt-port-379723","projectNumber":"63137549808","displayName":"Bandera Auto Solutions Website","name":"projects/apt-port-379723","resources":{"hostingSite":"apt-port-379723","realtimeDatabaseInstance":"apt-port-379723-default-rtdb"},"state":"ACTIVE","etag":"1_449fed8a-2433-43ac-8e50-af49870f5912"}
[info] i  functions: preparing codebase default for deployment 
[info] i  functions: ensuring required API cloudfunctions.googleapis.com is enabled... 
[info] i  functions: ensuring required API cloudbuild.googleapis.com is enabled... 
[info] i  artifactregistry: ensuring required API artifactregistry.googleapis.com is enabled... 
[debug] [2023-08-17T20:27:38.114Z] >>> [apiv2][query] GET https://serviceusage.googleapis.com/v1/projects/apt-port-379723/services/cloudfunctions.googleapis.com [none]
[debug] [2023-08-17T20:27:38.114Z] >>> [apiv2][(partial)header] GET https://serviceusage.googleapis.com/v1/projects/apt-port-379723/services/cloudfunctions.googleapis.com x-goog-quota-user=projects/apt-port-379723
[debug] [2023-08-17T20:27:38.115Z] >>> [apiv2][query] GET https://serviceusage.googleapis.com/v1/projects/apt-port-379723/services/runtimeconfig.googleapis.com [none]
[debug] [2023-08-17T20:27:38.115Z] >>> [apiv2][(partial)header] GET https://serviceusage.googleapis.com/v1/projects/apt-port-379723/services/runtimeconfig.googleapis.com x-goog-quota-user=projects/apt-port-379723
[debug] [2023-08-17T20:27:38.115Z] >>> [apiv2][query] GET https://serviceusage.googleapis.com/v1/projects/apt-port-379723/services/cloudbuild.googleapis.com [none]
[debug] [2023-08-17T20:27:38.115Z] >>> [apiv2][(partial)header] GET https://serviceusage.googleapis.com/v1/projects/apt-port-379723/services/cloudbuild.googleapis.com x-goog-quota-user=projects/apt-port-379723
[debug] [2023-08-17T20:27:38.116Z] >>> [apiv2][query] GET https://serviceusage.googleapis.com/v1/projects/apt-port-379723/services/artifactregistry.googleapis.com [none]
[debug] [2023-08-17T20:27:38.116Z] >>> [apiv2][(partial)header] GET https://serviceusage.googleapis.com/v1/projects/apt-port-379723/services/artifactregistry.googleapis.com x-goog-quota-user=projects/apt-port-379723
[debug] [2023-08-17T20:27:38.324Z] <<< [apiv2][status] GET https://serviceusage.googleapis.com/v1/projects/apt-port-379723/services/cloudbuild.googleapis.com 200
[debug] [2023-08-17T20:27:38.324Z] <<< [apiv2][body] GET https://serviceusage.googleapis.com/v1/projects/apt-port-379723/services/cloudbuild.googleapis.com [omitted]
[info] +  functions: required API cloudbuild.googleapis.com is enabled 
[debug] [2023-08-17T20:27:38.337Z] <<< [apiv2][status] GET https://serviceusage.googleapis.com/v1/projects/apt-port-379723/services/artifactregistry.googleapis.com 200
[debug] [2023-08-17T20:27:38.337Z] <<< [apiv2][body] GET https://serviceusage.googleapis.com/v1/projects/apt-port-379723/services/artifactregistry.googleapis.com [omitted]
[info] +  artifactregistry: required API artifactregistry.googleapis.com is enabled 
[debug] [2023-08-17T20:27:38.343Z] <<< [apiv2][status] GET https://serviceusage.googleapis.com/v1/projects/apt-port-379723/services/cloudfunctions.googleapis.com 200
[debug] [2023-08-17T20:27:38.343Z] <<< [apiv2][body] GET https://serviceusage.googleapis.com/v1/projects/apt-port-379723/services/cloudfunctions.googleapis.com [omitted]
[info] +  functions: required API cloudfunctions.googleapis.com is enabled 
[debug] [2023-08-17T20:27:38.344Z] <<< [apiv2][status] GET https://serviceusage.googleapis.com/v1/projects/apt-port-379723/services/runtimeconfig.googleapis.com 200
[debug] [2023-08-17T20:27:38.344Z] <<< [apiv2][body] GET https://serviceusage.googleapis.com/v1/projects/apt-port-379723/services/runtimeconfig.googleapis.com [omitted]
[debug] [2023-08-17T20:27:38.344Z] >>> [apiv2][query] GET https://firebase.googleapis.com/v1beta1/projects/apt-port-379723/adminSdkConfig [none]
[debug] [2023-08-17T20:27:38.538Z] <<< [apiv2][status] GET https://firebase.googleapis.com/v1beta1/projects/apt-port-379723/adminSdkConfig 200
[debug] [2023-08-17T20:27:38.538Z] <<< [apiv2][body] GET https://firebase.googleapis.com/v1beta1/projects/apt-port-379723/adminSdkConfig {"projectId":"apt-port-379723","databaseURL":"https://apt-port-379723-default-rtdb.firebaseio.com","storageBucket":"apt-port-379723.appspot.com"}
[debug] [2023-08-17T20:27:38.538Z] >>> [apiv2][query] GET https://runtimeconfig.googleapis.com/v1beta1/projects/apt-port-379723/configs [none]
[debug] [2023-08-17T20:27:38.700Z] <<< [apiv2][status] GET https://runtimeconfig.googleapis.com/v1beta1/projects/apt-port-379723/configs 200
[debug] [2023-08-17T20:27:38.700Z] <<< [apiv2][body] GET https://runtimeconfig.googleapis.com/v1beta1/projects/apt-port-379723/configs {}
[debug] [2023-08-17T20:27:38.702Z] Validating nodejs source
[debug] [2023-08-17T20:27:40.307Z] > [functions] package.json contents: {
  "name": "functions",
  "description": "Cloud Functions for Firebase",
  "scripts": {
    "serve": "firebase emulators:start --only functions",
    "shell": "firebase functions:shell",
    "start": "npm run shell",
    "deploy": "firebase deploy --only functions",
    "logs": "firebase functions:log"
  },
  "engines": {
    "node": "18"
  },
  "main": "index.js",
  "dependencies": {
    "cors": "^2.8.5",
    "firebase-admin": "^11.8.0",
    "firebase-functions": "^4.3.1",
    "nodemailer": "^6.9.4"
  },
  "devDependencies": {
    "firebase-functions-test": "^3.1.0"
  },
  "private": true
}
[debug] [2023-08-17T20:27:40.308Z] Building nodejs source
[info] i  functions: Loading and analyzing source code for codebase default to determine what to deploy 
[debug] [2023-08-17T20:27:40.309Z] Could not find functions.yaml. Must use http discovery
[debug] [2023-08-17T20:27:40.319Z] Found firebase-functions binary at 'E:\Websites\bandera-auto-solutions\functions\node_modules\.bin\firebase-functions'
[info] Serving at port 8456

[debug] [2023-08-17T20:27:45.516Z] Got response from /__/functions.yaml {"endpoints":{"sendEmail":{"platform":"gcfv1","availableMemoryMb":null,"timeoutSeconds":null,"minInstances":null,"maxInstances":null,"ingressSettings":null,"serviceAccountEmail":null,"vpc":null,"httpsTrigger":{},"entryPoint":"sendEmail"}},"specVersion":"v1alpha1","requiredAPIs":[]}
[info] shutdown requested via /__/quitquitquit

[info] i  functions: preparing functions directory for uploading... 
[info] i  functions: packaged E:\Websites\bandera-auto-solutions\functions (65.92 KB) for uploading 
[debug] [2023-08-17T20:27:45.568Z] >>> [apiv2][query] GET https://cloudfunctions.googleapis.com/v1/projects/apt-port-379723/locations/-/functions [none]
[debug] [2023-08-17T20:27:45.997Z] <<< [apiv2][status] GET https://cloudfunctions.googleapis.com/v1/projects/apt-port-379723/locations/-/functions 200
[debug] [2023-08-17T20:27:45.997Z] <<< [apiv2][body] GET https://cloudfunctions.googleapis.com/v1/projects/apt-port-379723/locations/-/functions {"functions":[{"name":"projects/apt-port-379723/locations/us-central1/functions/sendEmail","httpsTrigger":{"url":"https://us-central1-apt-port-379723.cloudfunctions.net/sendEmail","securityLevel":"SECURE_ALWAYS"},"status":"ACTIVE","entryPoint":"sendEmail","timeout":"60s","availableMemoryMb":256,"updateTime":"2023-08-08T00:07:04.655Z","versionId":"19","labels":{"deployment-tool":"cli-firebase","firebase-functions-hash":"c2a682b283dfab839ef0f0e7a8693fa6f2b8a0b0"},"sourceUploadUrl":"https://storage.googleapis.com/uploads-227608203647.us-central1.cloudfunctions.appspot.com/8b8818ef-77af-4da1-8f42-5739f8d11e95.zip","environmentVariables":{"FIREBASE_CONFIG":"{\"projectId\":\"apt-port-379723\",\"databaseURL\":\"https://apt-port-379723-default-rtdb.firebaseio.com\",\"storageBucket\":\"apt-port-379723.appspot.com\"}","GCLOUD_PROJECT":"apt-port-379723","EVENTARC_CLOUD_EVENT_SOURCE":"projects/apt-port-379723/locations/us-central1/functions/sendEmail","CORS_URL":"https://banderaautosolutions.com","EMAIL_USER":"baswebapp@gmail.com","EMAIL_PASS":"oqqltahpbjkqebng","EMAIL_RECIPIENT":"banderaautosolutions@gmail.com"},"runtime":"nodejs18","ingressSettings":"ALLOW_ALL","buildId":"39b9f04a-d7af-44a4-bd54-ae8cff702a0a","buildEnvironmentVariables":{"GOOGLE_NODE_RUN_SCRIPTS":""},"buildName":"projects/63137549808/locations/us-central1/builds/39b9f04a-d7af-44a4-bd54-ae8cff702a0a","dockerRegistry":"ARTIFACT_REGISTRY"}]}
[debug] [2023-08-17T20:27:45.998Z] >>> [apiv2][query] GET https://cloudfunctions.googleapis.com/v2/projects/apt-port-379723/locations/-/functions filter=environment%3D%22GEN_2%22
[debug] [2023-08-17T20:27:46.438Z] <<< [apiv2][status] GET https://cloudfunctions.googleapis.com/v2/projects/apt-port-379723/locations/-/functions 200
[debug] [2023-08-17T20:27:46.438Z] <<< [apiv2][body] GET https://cloudfunctions.googleapis.com/v2/projects/apt-port-379723/locations/-/functions {}
[debug] [2023-08-17T20:27:46.441Z] >>> [apiv2][query] GET https://firebase.googleapis.com/v1beta1/projects/apt-port-379723 [none]
[debug] [2023-08-17T20:27:46.622Z] <<< [apiv2][status] GET https://firebase.googleapis.com/v1beta1/projects/apt-port-379723 200
[debug] [2023-08-17T20:27:46.622Z] <<< [apiv2][body] GET https://firebase.googleapis.com/v1beta1/projects/apt-port-379723 {"projectId":"apt-port-379723","projectNumber":"63137549808","displayName":"Bandera Auto Solutions Website","name":"projects/apt-port-379723","resources":{"hostingSite":"apt-port-379723","realtimeDatabaseInstance":"apt-port-379723-default-rtdb"},"state":"ACTIVE","etag":"1_449fed8a-2433-43ac-8e50-af49870f5912"}
[debug] [2023-08-17T20:27:46.625Z] >>> [apiv2][query] POST https://firebasehosting.googleapis.com/v1beta1/projects/-/sites/apt-port-379723/versions [none]
[debug] [2023-08-17T20:27:46.625Z] >>> [apiv2][body] POST https://firebasehosting.googleapis.com/v1beta1/projects/-/sites/apt-port-379723/versions {"status":"CREATED","labels":{"deployment-tool":"cli-firebase"}}
[debug] [2023-08-17T20:27:47.209Z] <<< [apiv2][status] POST https://firebasehosting.googleapis.com/v1beta1/projects/-/sites/apt-port-379723/versions 200
[debug] [2023-08-17T20:27:47.209Z] <<< [apiv2][body] POST https://firebasehosting.googleapis.com/v1beta1/projects/-/sites/apt-port-379723/versions {"name":"projects/63137549808/sites/apt-port-379723/versions/f8c0b47b7fda310c","status":"CREATED","config":{},"labels":{"deployment-tool":"cli-firebase"}}
[debug] [2023-08-17T20:27:47.210Z] >>> [apiv2][query] POST https://cloudfunctions.googleapis.com/v1/projects/apt-port-379723/locations/us-central1/functions:generateUploadUrl [none]
[debug] [2023-08-17T20:27:47.210Z] >>> [apiv2][body] POST https://cloudfunctions.googleapis.com/v1/projects/apt-port-379723/locations/us-central1/functions:generateUploadUrl {}
[debug] [2023-08-17T20:27:47.595Z] <<< [apiv2][status] POST https://cloudfunctions.googleapis.com/v1/projects/apt-port-379723/locations/us-central1/functions:generateUploadUrl 200
[debug] [2023-08-17T20:27:47.595Z] <<< [apiv2][body] POST https://cloudfunctions.googleapis.com/v1/projects/apt-port-379723/locations/us-central1/functions:generateUploadUrl {"uploadUrl":"https://storage.googleapis.com/uploads-227608203647.us-central1.cloudfunctions.appspot.com/a92427e9-1686-45a2-b7f6-f5e392f7ecdd.zip?GoogleAccessId=service-63137549808@gcf-admin-robot.iam.gserviceaccount.com&Expires=1692305867&Signature=BLFWei5XHgrq9qzMb1Lj2EsYOsoExUGu8iF7qr2YcaYsFAehNTg575JF1KGoOawUGAMRcFM5G4lCUOtMS1Opiokm7SfVGLOpuxezc%2BXeffrLtorp2GJQwMLiLAf9836lYyzyTCHwoOYb4v5tt1Id245uXnGSL1AgVFsgxBFnRZ%2B0iGTaNyw6IWCjGeKalvrBGa0XONkC1qjjvC0TGfRh3epdBsM80Ly6rCL455TZ4BR0Bl8glG%2BoH%2BfSE4AQK6LqGmjwuc3FXBGRHz5Ge6rHE89lSvlwfIZB9sQ3qgGeCTcldMFEQk80qIyd5qDDbvq9va9FYXgplPPup4%2BXfj%2FuIg%3D%3D"}
[debug] [2023-08-17T20:27:47.595Z] >>> [apiv2][query] PUT https://storage.googleapis.com/uploads-227608203647.us-central1.cloudfunctions.appspot.com/a92427e9-1686-45a2-b7f6-f5e392f7ecdd.zip GoogleAccessId=service-63137549808%40gcf-admin-robot.iam.gserviceaccount.com&Expires=1692305867&Signature=BLFWei5XHgrq9qzMb1Lj2EsYOsoExUGu8iF7qr2YcaYsFAehNTg575JF1KGoOawUGAMRcFM5G4lCUOtMS1Opiokm7SfVGLOpuxezc%2BXeffrLtorp2GJQwMLiLAf9836lYyzyTCHwoOYb4v5tt1Id245uXnGSL1AgVFsgxBFnRZ%2B0iGTaNyw6IWCjGeKalvrBGa0XONkC1qjjvC0TGfRh3epdBsM80Ly6rCL455TZ4BR0Bl8glG%2BoH%2BfSE4AQK6LqGmjwuc3FXBGRHz5Ge6rHE89lSvlwfIZB9sQ3qgGeCTcldMFEQk80qIyd5qDDbvq9va9FYXgplPPup4%2BXfj%2FuIg%3D%3D
[debug] [2023-08-17T20:27:47.595Z] >>> [apiv2][body] PUT https://storage.googleapis.com/uploads-227608203647.us-central1.cloudfunctions.appspot.com/a92427e9-1686-45a2-b7f6-f5e392f7ecdd.zip [stream]
[debug] [2023-08-17T20:27:47.812Z] <<< [apiv2][status] PUT https://storage.googleapis.com/uploads-227608203647.us-central1.cloudfunctions.appspot.com/a92427e9-1686-45a2-b7f6-f5e392f7ecdd.zip 200
[debug] [2023-08-17T20:27:47.812Z] <<< [apiv2][body] PUT https://storage.googleapis.com/uploads-227608203647.us-central1.cloudfunctions.appspot.com/a92427e9-1686-45a2-b7f6-f5e392f7ecdd.zip [omitted]
[info] +  functions: functions folder uploaded successfully 
[info] i  hosting[apt-port-379723]: beginning deploy... 
[info] i  hosting[apt-port-379723]: found 28 files in build 
[debug] [2023-08-17T20:27:47.823Z] [hosting] uploading with 200 concurrency
[debug] [2023-08-17T20:27:47.828Z] [hosting] hash cache [YnVpbGQ] stored for 28 files
[debug] [2023-08-17T20:27:47.828Z] [hosting][hash queue][FINAL] {"max":2,"min":1,"avg":1,"active":0,"complete":28,"success":28,"errored":0,"retried":0,"total":28,"elapsed":4}
[debug] [2023-08-17T20:27:47.829Z] >>> [apiv2][query] POST https://firebasehosting.googleapis.com/v1beta1/projects/63137549808/sites/apt-port-379723/versions/f8c0b47b7fda310c:populateFiles [none]
[debug] [2023-08-17T20:27:47.829Z] >>> [apiv2][body] POST https://firebasehosting.googleapis.com/v1beta1/projects/63137549808/sites/apt-port-379723/versions/f8c0b47b7fda310c:populateFiles {"files":{"/asset-manifest.json":"29c9be84522186994df91deeaaae32e3406f56f51141f64291633a25e1d6caf1\r","/favicon.ico":"0c670331c34e7d699a3feada7b7319ec352425f0e37ba36214eadf4d0ab9847d\r","/index.html":"03ea28d6864546df86166f75fcb0b7f80068da3e2230be9897f2e90b0a9d5cac\r","/logo192.png":"3ee59515172ee198f3be375979df15ac5345183e656720a381b8872b2a39dc8b\r","/logo512.png":"ee7e2f3fdb8209c4b6fd7bef6ba50d1b9dba30a25bb5c3126df057e1cb6f5331\r","/manifest.json":"aff3449bdc238776f5d6d967f19ec491b36aed5fb7f23ccff6500736fd58494a\r","/robots.txt":"bfe106a3fb878dc83461c86818bf74fc1bdc7f28538ba613cd3e775516ce8b49\r","/images/car1.jpg":"78ed6e37094f88558bd7beb54db7ccd1d62c60f50e683cc301c8ba90f32d6f58\r","/images/car_rear.jpeg":"a60eacf593585a653ed2aa1c3e089a87b02d2d2c66dd1e63bdb0f7d392bf3105\r","/images/front1.JPG":"644dba711dff82d088b01589a69eb5d8cd108aecb4ab724947df1b97c18404ab\r","/images/Logo-1-Blue.png":"3b72006eaf488066e78f88ba55b528448a53d70b2321d5fe247f6f131ce1309a\r","/images/Logo-1-White.png":"0a172dfbdcb4137fc21beeda391ff60c13ab1fabe282d948aa9262f6a087a5d6\r","/images/Logo-2-Blue.png":"ed7da107d36545ec7a6197ac4051fd3249021bc2fe98570f2e3d09784fe12fee\r","/images/Logo-2-White.png":"d887782ed55f8d710236776780cf29100882ca5dcf356ff2f1b89af822d27d34\r","/images/tacoma1.jpeg":"51deacd0d020f03016d06c51eb00f283dff8bc81a0371f55282ebcbd9b865204\r","/images/talk1.jpeg":"7e5b6c1b68ad870761e11c96c028731d2c8958173816b3abb2999ddf167f333c\r","/static/css/main.0c0583bc.css":"5eb6ad00a7e1498ad0f2b6fc726df674c7cd44e11c5ef1af270c195b3e996fab\r","/static/css/main.0c0583bc.css.map":"50b86dee5cff6b230312cb3049db44363a387fc7060e583284c59a00404469a9\r","/static/js/787.bea0bf2c.chunk.js":"9bd227ae654f1e2cf17adba047f529f25a9b50c1b4faaeb10157379555077628\r","/static/js/787.bea0bf2c.chunk.js.map":"284e71a3566a68d86b4180c2d3e97cdc3c51626f73e3e3c059121c2929b91c15\r","/static/js/main.c617f9ed.js":"4a73db445d6721cc28b78319f377754f175ae1aa60db49977e22e9469cfe8d17\r","/static/js/main.c617f9ed.js.LICENSE.txt":"6db778462496b1aa1f3ced5485e52e937703bd71e7a65be5bbf8c2d2060bb000\r","/static/js/main.c617f9ed.js.map":"18888e8fc8554f2ab2b2918647baa6f39f95a41252baaceebe2ac44bc1422917\r","/static/media/car1.06392c4e3d102992596d.jpg":"78ed6e37094f88558bd7beb54db7ccd1d62c60f50e683cc301c8ba90f32d6f58\r","/static/media/car_rear.bb2d9484284c3a6785f5.jpeg":"a60eacf593585a653ed2aa1c3e089a87b02d2d2c66dd1e63bdb0f7d392bf3105\r","/static/media/front1.f318741b31a12e41a16d.JPG":"644dba711dff82d088b01589a69eb5d8cd108aecb4ab724947df1b97c18404ab\r","/static/media/hail.5de299bdf2c677ed77f07d990670cab3.svg":"109ae491f298c7c5f79f76e5eae9aa624a62ccfd771f77e24241f6927c3876be\r","/static/media/tacoma1.876a873114350fd5d992.jpeg":"51deacd0d020f03016d06c51eb00f283dff8bc81a0371f55282ebcbd9b865204\r"}}
[debug] [2023-08-17T20:27:48.054Z] <<< [apiv2][status] POST https://firebasehosting.googleapis.com/v1beta1/projects/63137549808/sites/apt-port-379723/versions/f8c0b47b7fda310c:populateFiles 200
[debug] [2023-08-17T20:27:48.054Z] <<< [apiv2][body] POST https://firebasehosting.googleapis.com/v1beta1/projects/63137549808/sites/apt-port-379723/versions/f8c0b47b7fda310c:populateFiles {"uploadUrl":"https://upload-firebasehosting.googleapis.com/upload/sites/apt-port-379723/versions/f8c0b47b7fda310c/files"}
[debug] [2023-08-17T20:27:48.054Z] [hosting][populate queue][FINAL] {"max":227,"min":227,"avg":227,"active":0,"complete":1,"success":1,"errored":0,"retried":0,"total":1,"elapsed":227}
[debug] [2023-08-17T20:27:48.054Z] [hosting] uploads queued: 0
[debug] [2023-08-17T20:27:48.054Z] [hosting][upload queue][FINAL] {"max":0,"min":9999999999,"avg":0,"active":0,"complete":0,"success":0,"errored":0,"retried":0,"total":0,"elapsed":1692304068054}
[info] i  hosting: upload complete 
[info] +  hosting[apt-port-379723]: file upload complete 
[debug] [2023-08-17T20:27:48.055Z] [hosting] deploy completed after 241ms
[info] i  functions: updating Node.js 18 (1st Gen) function sendEmail(us-central1)... 
[debug] [2023-08-17T20:27:48.058Z] >>> [apiv2][query] PATCH https://cloudfunctions.googleapis.com/v1/projects/apt-port-379723/locations/us-central1/functions/sendEmail updateMask=name%2CsourceUploadUrl%2CentryPoint%2Cruntime%2CdockerRegistry%2Clabels%2ChttpsTrigger.securityLevel%2CminInstances%2CmaxInstances%2CingressSettings%2CenvironmentVariables%2CserviceAccountEmail%2CavailableMemoryMb%2Ctimeout%2CvpcConnector%2CvpcConnectorEgressSettings%2CsourceToken%2CbuildEnvironmentVariables
[debug] [2023-08-17T20:27:48.058Z] >>> [apiv2][body] PATCH https://cloudfunctions.googleapis.com/v1/projects/apt-port-379723/locations/us-central1/functions/sendEmail {"name":"projects/apt-port-379723/locations/us-central1/functions/sendEmail","sourceUploadUrl":"https://storage.googleapis.com/uploads-227608203647.us-central1.cloudfunctions.appspot.com/a92427e9-1686-45a2-b7f6-f5e392f7ecdd.zip?GoogleAccessId=service-63137549808@gcf-admin-robot.iam.gserviceaccount.com&Expires=1692305867&Signature=BLFWei5XHgrq9qzMb1Lj2EsYOsoExUGu8iF7qr2YcaYsFAehNTg575JF1KGoOawUGAMRcFM5G4lCUOtMS1Opiokm7SfVGLOpuxezc%2BXeffrLtorp2GJQwMLiLAf9836lYyzyTCHwoOYb4v5tt1Id245uXnGSL1AgVFsgxBFnRZ%2B0iGTaNyw6IWCjGeKalvrBGa0XONkC1qjjvC0TGfRh3epdBsM80Ly6rCL455TZ4BR0Bl8glG%2BoH%2BfSE4AQK6LqGmjwuc3FXBGRHz5Ge6rHE89lSvlwfIZB9sQ3qgGeCTcldMFEQk80qIyd5qDDbvq9va9FYXgplPPup4%2BXfj%2FuIg%3D%3D","entryPoint":"sendEmail","runtime":"nodejs18","dockerRegistry":"ARTIFACT_REGISTRY","labels":{"deployment-tool":"cli-firebase","firebase-functions-hash":"8e5c3ec44775d29c6b327914681a64a101481a0e"},"httpsTrigger":{"securityLevel":"SECURE_ALWAYS"},"minInstances":null,"maxInstances":null,"ingressSettings":null,"environmentVariables":{"FIREBASE_CONFIG":"{\"projectId\":\"apt-port-379723\",\"databaseURL\":\"https://apt-port-379723-default-rtdb.firebaseio.com\",\"storageBucket\":\"apt-port-379723.appspot.com\"}","GCLOUD_PROJECT":"apt-port-379723","EVENTARC_CLOUD_EVENT_SOURCE":"projects/apt-port-379723/locations/us-central1/functions/sendEmail","CORS_URL":"https://banderaautosolutions.com","EMAIL_USER":"baswebapp@gmail.com","EMAIL_PASS":"oqqltahpbjkqebng","EMAIL_RECIPIENT":"banderaautosolutions@gmail.com"},"serviceAccountEmail":null,"availableMemoryMb":null,"timeout":null,"vpcConnector":null,"vpcConnectorEgressSettings":null,"buildEnvironmentVariables":{"GOOGLE_NODE_RUN_SCRIPTS":""}}
[debug] [2023-08-17T20:27:48.509Z] <<< [apiv2][status] PATCH https://cloudfunctions.googleapis.com/v1/projects/apt-port-379723/locations/us-central1/functions/sendEmail 200
[debug] [2023-08-17T20:27:48.509Z] <<< [apiv2][body] PATCH https://cloudfunctions.googleapis.com/v1/projects/apt-port-379723/locations/us-central1/functions/sendEmail {"name":"operations/YXB0LXBvcnQtMzc5NzIzL3VzLWNlbnRyYWwxL3NlbmRFbWFpbC9hYmdKaXpMb1VFQQ","metadata":{"@type":"type.googleapis.com/google.cloud.functions.v1.OperationMetadataV1","target":"projects/apt-port-379723/locations/us-central1/functions/sendEmail","type":"UPDATE_FUNCTION","request":{"@type":"type.googleapis.com/google.cloud.functions.v1.CloudFunction","name":"projects/apt-port-379723/locations/us-central1/functions/sendEmail","httpsTrigger":{"url":"https://us-central1-apt-port-379723.cloudfunctions.net/sendEmail","securityLevel":"SECURE_ALWAYS"},"status":"ACTIVE","entryPoint":"sendEmail","updateTime":"2023-08-08T00:07:04.655Z","versionId":"19","labels":{"deployment-tool":"cli-firebase","firebase-functions-hash":"8e5c3ec44775d29c6b327914681a64a101481a0e"},"sourceUploadUrl":"https://storage.googleapis.com/uploads-227608203647.us-central1.cloudfunctions.appspot.com/a92427e9-1686-45a2-b7f6-f5e392f7ecdd.zip?GoogleAccessId=service-63137549808@gcf-admin-robot.iam.gserviceaccount.com&Expires=1692305867&Signature=BLFWei5XHgrq9qzMb1Lj2EsYOsoExUGu8iF7qr2YcaYsFAehNTg575JF1KGoOawUGAMRcFM5G4lCUOtMS1Opiokm7SfVGLOpuxezc%2BXeffrLtorp2GJQwMLiLAf9836lYyzyTCHwoOYb4v5tt1Id245uXnGSL1AgVFsgxBFnRZ%2B0iGTaNyw6IWCjGeKalvrBGa0XONkC1qjjvC0TGfRh3epdBsM80Ly6rCL455TZ4BR0Bl8glG%2BoH%2BfSE4AQK6LqGmjwuc3FXBGRHz5Ge6rHE89lSvlwfIZB9sQ3qgGeCTcldMFEQk80qIyd5qDDbvq9va9FYXgplPPup4%2BXfj%2FuIg%3D%3D","environmentVariables":{"FIREBASE_CONFIG":"{\"projectId\":\"apt-port-379723\",\"databaseURL\":\"https://apt-port-379723-default-rtdb.firebaseio.com\",\"storageBucket\":\"apt-port-379723.appspot.com\"}","GCLOUD_PROJECT":"apt-port-379723","EVENTARC_CLOUD_EVENT_SOURCE":"projects/apt-port-379723/locations/us-central1/functions/sendEmail","CORS_URL":"https://banderaautosolutions.com","EMAIL_USER":"baswebapp@gmail.com","EMAIL_PASS":"oqqltahpbjkqebng","EMAIL_RECIPIENT":"banderaautosolutions@gmail.com"},"runtime":"nodejs18","buildId":"39b9f04a-d7af-44a4-bd54-ae8cff702a0a","buildEnvironmentVariables":{"GOOGLE_NODE_RUN_SCRIPTS":""},"buildName":"projects/63137549808/locations/us-central1/builds/39b9f04a-d7af-44a4-bd54-ae8cff702a0a","dockerRegistry":"ARTIFACT_REGISTRY"},"versionId":"20","updateTime":"2023-08-17T20:27:48Z"}}
[debug] [2023-08-17T20:27:48.510Z] >>> [apiv2][query] GET https://cloudfunctions.googleapis.com/v1/operations/YXB0LXBvcnQtMzc5NzIzL3VzLWNlbnRyYWwxL3NlbmRFbWFpbC9hYmdKaXpMb1VFQQ [none]
[debug] [2023-08-17T20:27:48.634Z] <<< [apiv2][status] GET https://cloudfunctions.googleapis.com/v1/operations/YXB0LXBvcnQtMzc5NzIzL3VzLWNlbnRyYWwxL3NlbmRFbWFpbC9hYmdKaXpMb1VFQQ 200
[debug] [2023-08-17T20:27:48.634Z] <<< [apiv2][body] GET https://cloudfunctions.googleapis.com/v1/operations/YXB0LXBvcnQtMzc5NzIzL3VzLWNlbnRyYWwxL3NlbmRFbWFpbC9hYmdKaXpMb1VFQQ {"name":"operations/YXB0LXBvcnQtMzc5NzIzL3VzLWNlbnRyYWwxL3NlbmRFbWFpbC9hYmdKaXpMb1VFQQ","metadata":{"@type":"type.googleapis.com/google.cloud.functions.v1.OperationMetadataV1","target":"projects/apt-port-379723/locations/us-central1/functions/sendEmail","type":"UPDATE_FUNCTION","request":{"@type":"type.googleapis.com/google.cloud.functions.v1.CloudFunction","name":"projects/apt-port-379723/locations/us-central1/functions/sendEmail","httpsTrigger":{"url":"https://us-central1-apt-port-379723.cloudfunctions.net/sendEmail","securityLevel":"SECURE_ALWAYS"},"status":"ACTIVE","entryPoint":"sendEmail","updateTime":"2023-08-08T00:07:04.655Z","versionId":"19","labels":{"deployment-tool":"cli-firebase","firebase-functions-hash":"8e5c3ec44775d29c6b327914681a64a101481a0e"},"sourceUploadUrl":"https://storage.googleapis.com/uploads-227608203647.us-central1.cloudfunctions.appspot.com/a92427e9-1686-45a2-b7f6-f5e392f7ecdd.zip?GoogleAccessId=service-63137549808@gcf-admin-robot.iam.gserviceaccount.com&Expires=1692305867&Signature=BLFWei5XHgrq9qzMb1Lj2EsYOsoExUGu8iF7qr2YcaYsFAehNTg575JF1KGoOawUGAMRcFM5G4lCUOtMS1Opiokm7SfVGLOpuxezc%2BXeffrLtorp2GJQwMLiLAf9836lYyzyTCHwoOYb4v5tt1Id245uXnGSL1AgVFsgxBFnRZ%2B0iGTaNyw6IWCjGeKalvrBGa0XONkC1qjjvC0TGfRh3epdBsM80Ly6rCL455TZ4BR0Bl8glG%2BoH%2BfSE4AQK6LqGmjwuc3FXBGRHz5Ge6rHE89lSvlwfIZB9sQ3qgGeCTcldMFEQk80qIyd5qDDbvq9va9FYXgplPPup4%2BXfj%2FuIg%3D%3D","environmentVariables":{"FIREBASE_CONFIG":"{\"projectId\":\"apt-port-379723\",\"databaseURL\":\"https://apt-port-379723-default-rtdb.firebaseio.com\",\"storageBucket\":\"apt-port-379723.appspot.com\"}","GCLOUD_PROJECT":"apt-port-379723","EVENTARC_CLOUD_EVENT_SOURCE":"projects/apt-port-379723/locations/us-central1/functions/sendEmail","CORS_URL":"https://banderaautosolutions.com","EMAIL_USER":"baswebapp@gmail.com","EMAIL_PASS":"oqqltahpbjkqebng","EMAIL_RECIPIENT":"banderaautosolutions@gmail.com"},"runtime":"nodejs18","buildId":"39b9f04a-d7af-44a4-bd54-ae8cff702a0a","buildEnvironmentVariables":{"GOOGLE_NODE_RUN_SCRIPTS":""},"buildName":"projects/63137549808/locations/us-central1/builds/39b9f04a-d7af-44a4-bd54-ae8cff702a0a","dockerRegistry":"ARTIFACT_REGISTRY"},"versionId":"20","updateTime":"2023-08-17T20:27:48Z"}}
[debug] [2023-08-17T20:27:49.136Z] [update-default-us-central1-sendEmail] Retrying task index 0
[debug] [2023-08-17T20:27:49.136Z] >>> [apiv2][query] GET https://cloudfunctions.googleapis.com/v1/operations/YXB0LXBvcnQtMzc5NzIzL3VzLWNlbnRyYWwxL3NlbmRFbWFpbC9hYmdKaXpMb1VFQQ [none]
[debug] [2023-08-17T20:27:49.253Z] <<< [apiv2][status] GET https://cloudfunctions.googleapis.com/v1/operations/YXB0LXBvcnQtMzc5NzIzL3VzLWNlbnRyYWwxL3NlbmRFbWFpbC9hYmdKaXpMb1VFQQ 200
[debug] [2023-08-17T20:27:49.253Z] <<< [apiv2][body] GET https://cloudfunctions.googleapis.com/v1/operations/YXB0LXBvcnQtMzc5NzIzL3VzLWNlbnRyYWwxL3NlbmRFbWFpbC9hYmdKaXpMb1VFQQ {"name":"operations/YXB0LXBvcnQtMzc5NzIzL3VzLWNlbnRyYWwxL3NlbmRFbWFpbC9hYmdKaXpMb1VFQQ","metadata":{"@type":"type.googleapis.com/google.cloud.functions.v1.OperationMetadataV1","target":"projects/apt-port-379723/locations/us-central1/functions/sendEmail","type":"UPDATE_FUNCTION","request":{"@type":"type.googleapis.com/google.cloud.functions.v1.CloudFunction","name":"projects/apt-port-379723/locations/us-central1/functions/sendEmail","httpsTrigger":{"url":"https://us-central1-apt-port-379723.cloudfunctions.net/sendEmail","securityLevel":"SECURE_ALWAYS"},"status":"ACTIVE","entryPoint":"sendEmail","updateTime":"2023-08-08T00:07:04.655Z","versionId":"19","labels":{"deployment-tool":"cli-firebase","firebase-functions-hash":"8e5c3ec44775d29c6b327914681a64a101481a0e"},"sourceUploadUrl":"https://storage.googleapis.com/uploads-227608203647.us-central1.cloudfunctions.appspot.com/a92427e9-1686-45a2-b7f6-f5e392f7ecdd.zip?GoogleAccessId=service-63137549808@gcf-admin-robot.iam.gserviceaccount.com&Expires=1692305867&Signature=BLFWei5XHgrq9qzMb1Lj2EsYOsoExUGu8iF7qr2YcaYsFAehNTg575JF1KGoOawUGAMRcFM5G4lCUOtMS1Opiokm7SfVGLOpuxezc%2BXeffrLtorp2GJQwMLiLAf9836lYyzyTCHwoOYb4v5tt1Id245uXnGSL1AgVFsgxBFnRZ%2B0iGTaNyw6IWCjGeKalvrBGa0XONkC1qjjvC0TGfRh3epdBsM80Ly6rCL455TZ4BR0Bl8glG%2BoH%2BfSE4AQK6LqGmjwuc3FXBGRHz5Ge6rHE89lSvlwfIZB9sQ3qgGeCTcldMFEQk80qIyd5qDDbvq9va9FYXgplPPup4%2BXfj%2FuIg%3D%3D","environmentVariables":{"FIREBASE_CONFIG":"{\"projectId\":\"apt-port-379723\",\"databaseURL\":\"https://apt-port-379723-default-rtdb.firebaseio.com\",\"storageBucket\":\"apt-port-379723.appspot.com\"}","GCLOUD_PROJECT":"apt-port-379723","EVENTARC_CLOUD_EVENT_SOURCE":"projects/apt-port-379723/locations/us-central1/functions/sendEmail","CORS_URL":"https://banderaautosolutions.com","EMAIL_USER":"baswebapp@gmail.com","EMAIL_PASS":"oqqltahpbjkqebng","EMAIL_RECIPIENT":"banderaautosolutions@gmail.com"},"runtime":"nodejs18","buildId":"39b9f04a-d7af-44a4-bd54-ae8cff702a0a","buildEnvironmentVariables":{"GOOGLE_NODE_RUN_SCRIPTS":""},"buildName":"projects/63137549808/locations/us-central1/builds/39b9f04a-d7af-44a4-bd54-ae8cff702a0a","dockerRegistry":"ARTIFACT_REGISTRY"},"versionId":"20","updateTime":"2023-08-17T20:27:48Z"}}
[debug] [2023-08-17T20:27:50.261Z] [update-default-us-central1-sendEmail] Retrying task index 0
[debug] [2023-08-17T20:27:50.262Z] >>> [apiv2][query] GET https://cloudfunctions.googleapis.com/v1/operations/YXB0LXBvcnQtMzc5NzIzL3VzLWNlbnRyYWwxL3NlbmRFbWFpbC9hYmdKaXpMb1VFQQ [none]
[debug] [2023-08-17T20:27:50.392Z] <<< [apiv2][status] GET https://cloudfunctions.googleapis.com/v1/operations/YXB0LXBvcnQtMzc5NzIzL3VzLWNlbnRyYWwxL3NlbmRFbWFpbC9hYmdKaXpMb1VFQQ 200
[debug] [2023-08-17T20:27:50.392Z] <<< [apiv2][body] GET https://cloudfunctions.googleapis.com/v1/operations/YXB0LXBvcnQtMzc5NzIzL3VzLWNlbnRyYWwxL3NlbmRFbWFpbC9hYmdKaXpMb1VFQQ {"name":"operations/YXB0LXBvcnQtMzc5NzIzL3VzLWNlbnRyYWwxL3NlbmRFbWFpbC9hYmdKaXpMb1VFQQ","metadata":{"@type":"type.googleapis.com/google.cloud.functions.v1.OperationMetadataV1","target":"projects/apt-port-379723/locations/us-central1/functions/sendEmail","type":"UPDATE_FUNCTION","request":{"@type":"type.googleapis.com/google.cloud.functions.v1.CloudFunction","name":"projects/apt-port-379723/locations/us-central1/functions/sendEmail","httpsTrigger":{"url":"https://us-central1-apt-port-379723.cloudfunctions.net/sendEmail","securityLevel":"SECURE_ALWAYS"},"status":"ACTIVE","entryPoint":"sendEmail","updateTime":"2023-08-08T00:07:04.655Z","versionId":"19","labels":{"deployment-tool":"cli-firebase","firebase-functions-hash":"8e5c3ec44775d29c6b327914681a64a101481a0e"},"sourceUploadUrl":"https://storage.googleapis.com/uploads-227608203647.us-central1.cloudfunctions.appspot.com/a92427e9-1686-45a2-b7f6-f5e392f7ecdd.zip?GoogleAccessId=service-63137549808@gcf-admin-robot.iam.gserviceaccount.com&Expires=1692305867&Signature=BLFWei5XHgrq9qzMb1Lj2EsYOsoExUGu8iF7qr2YcaYsFAehNTg575JF1KGoOawUGAMRcFM5G4lCUOtMS1Opiokm7SfVGLOpuxezc%2BXeffrLtorp2GJQwMLiLAf9836lYyzyTCHwoOYb4v5tt1Id245uXnGSL1AgVFsgxBFnRZ%2B0iGTaNyw6IWCjGeKalvrBGa0XONkC1qjjvC0TGfRh3epdBsM80Ly6rCL455TZ4BR0Bl8glG%2BoH%2BfSE4AQK6LqGmjwuc3FXBGRHz5Ge6rHE89lSvlwfIZB9sQ3qgGeCTcldMFEQk80qIyd5qDDbvq9va9FYXgplPPup4%2BXfj%2FuIg%3D%3D","environmentVariables":{"FIREBASE_CONFIG":"{\"projectId\":\"apt-port-379723\",\"databaseURL\":\"https://apt-port-379723-default-rtdb.firebaseio.com\",\"storageBucket\":\"apt-port-379723.appspot.com\"}","GCLOUD_PROJECT":"apt-port-379723","EVENTARC_CLOUD_EVENT_SOURCE":"projects/apt-port-379723/locations/us-central1/functions/sendEmail","CORS_URL":"https://banderaautosolutions.com","EMAIL_USER":"baswebapp@gmail.com","EMAIL_PASS":"oqqltahpbjkqebng","EMAIL_RECIPIENT":"banderaautosolutions@gmail.com"},"runtime":"nodejs18","buildId":"39b9f04a-d7af-44a4-bd54-ae8cff702a0a","buildEnvironmentVariables":{"GOOGLE_NODE_RUN_SCRIPTS":""},"buildName":"projects/63137549808/locations/us-central1/builds/39b9f04a-d7af-44a4-bd54-ae8cff702a0a","dockerRegistry":"ARTIFACT_REGISTRY"},"versionId":"20","updateTime":"2023-08-17T20:27:48Z","buildId":"cfcff294-218c-41e6-9f7d-9a10e4c325ba","buildName":"projects/63137549808/locations/us-central1/builds/cfcff294-218c-41e6-9f7d-9a10e4c325ba"}}
